{
    "Time": "February 24, 2020, 1:48 pm",
    "Duration": "0.053",
    "IP Address": "192.168.100.149",
    "URL": "http:\/\/192.168.100.130:5049\/api\/vip?searchString=",
    "Method": "GET",
    "Input": null,
    "Output": {
        "status": 1,
        "message": "VIP Categories sent successfully",
        "data": {
            "current_page": 1,
            "content": [
                {
                    "id": 1,
                    "title_en": "CATEGORY A",
                    "title_ur": "\u0632\u0645\u0631\u06c1 A",
                    "status": 1,
                    "created_at": "2020-02-24 00:00:00"
                }
            ],
            "from": 1,
            "last_page": 1,
            "next_page_url": null,
            "path": "\/",
            "per_page": "10",
            "prev_page_url": null,
            "to": 1,
            "total": 1
        }
    }
}
====================

{
    "Time": "February 24, 2020, 1:48 pm",
    "Duration": "0.046",
    "IP Address": "192.168.100.149",
    "URL": "http:\/\/192.168.100.130:5049\/api\/vip?searchString=",
    "Method": "GET",
    "Input": null,
    "Output": {
        "status": 1,
        "message": "VIP Categories sent successfully",
        "data": {
            "current_page": 1,
            "content": [
                {
                    "id": 1,
                    "title_en": "CATEGORY A",
                    "title_ur": "\u0632\u0645\u0631\u06c1 A",
                    "status": 1,
                    "created_at": "2020-02-24 00:00:00"
                }
            ],
            "from": 1,
            "last_page": 1,
            "next_page_url": null,
            "path": "\/",
            "per_page": "10",
            "prev_page_url": null,
            "to": 1,
            "total": 1
        }
    }
}
====================

{
    "Time": "February 24, 2020, 1:48 pm",
    "Duration": "0.044",
    "IP Address": "192.168.100.149",
    "URL": "http:\/\/192.168.100.130:5049\/api\/vip?searchString=",
    "Method": "GET",
    "Input": null,
    "Output": {
        "status": 1,
        "message": "VIP Categories sent successfully",
        "data": {
            "current_page": 1,
            "content": [
                {
                    "id": 1,
                    "title_en": "CATEGORY A",
                    "title_ur": "\u0632\u0645\u0631\u06c1 A",
                    "status": 1,
                    "created_at": "2020-02-24 00:00:00"
                }
            ],
            "from": 1,
            "last_page": 1,
            "next_page_url": null,
            "path": "\/",
            "per_page": "10",
            "prev_page_url": null,
            "to": 1,
            "total": 1
        }
    }
}
====================

